#TIME-Wed Aug  2 07:12:05 2023
/home/wrf/git/sequences/makehomologs.py -i /mnt/data/project/speciation-synteny/datasets/bombus/Bpyro_vs_iyBomTerr1.renamed.blastp.tab -f /mnt/data/project/speciation-synteny/datasets/bombus/GCF_014825855.1_ASM1482585v1_protein.x.n.faa /mnt/data/project/speciation-synteny/datasets/bombus/GCF_910591885.1_iyBomTerr1.2_protein.x.n.faa -p 234 -o bombus_clusters_v1 -z 2 -s 2 -M10 -H 9 -c
#TIME-Wed Aug  2 07:12:05 2023
# Using Python version: 3.8.10
#TIME-Wed Aug  2 07:12:05 2023
# /mnt/data/project/speciation-synteny/datasets/bombus/Bpyro_vs_iyBomTerr1.renamed.blastp.tab input file detected
#TIME-Wed Aug  2 07:12:05 2023
# /mnt/data/project/speciation-synteny/datasets/bombus/GCF_014825855.1_ASM1482585v1_protein.x.n.faa /mnt/data/project/speciation-synteny/datasets/bombus/GCF_910591885.1_iyBomTerr1.2_protein.x.n.faa used as fasta database
#TIME-Wed Aug  2 07:12:05 2023
# Counted 20910 total proteins for 2 species  Wed Aug  2 07:12:05 2023
#TIME-Wed Aug  2 07:12:05 2023
T_genes	Bpyro	10600
T_genes	iyBomTerr1	10310
#TIME-Wed Aug  2 07:12:05 2023
N_bhits	Bpyro	9698
N_bhits	iyBomTerr1	9830
#TIME-Wed Aug  2 07:12:05 2023
# Counting nodes in subgraphs
#TIME-Wed Aug  2 07:12:05 2023
# Found 19528 subgraphs, pruning small subgraphs (0 nodes)
#TIME-Wed Aug  2 07:12:05 2023
F_edge	all	39435
F_edge	non-self	39435
F_edge	passed-min-overlap	36685
F_edge	passed-max-overlap	32939
F_edge	passed-bitscore	13664
F_edge	retained-edges	13664
#TIME-Wed Aug  2 07:12:05 2023
N_nodes	nodes	19528
N_nodes	filtered-nodes	19528
#TIME-Wed Aug  2 07:12:05 2023
#CMD  mcl allvall_edges_bombus_clusters_v1.abc --abc -I 2.1 -o mcl_gene_clusters_bombus_clusters_v1.abc -te 8
#TIME-Wed Aug  2 07:12:07 2023
# fasta file contains 20910 records
#TIME-Wed Aug  2 07:12:07 2023
N_seqs	50	1
N_seqs	25	1
N_seqs	23	1
N_seqs	21	2
N_seqs	20	1
N_seqs	19	2
N_seqs	18	2
N_seqs	16	1
N_seqs	14	3
N_seqs	13	3
N_seqs	12	6
N_seqs	11	6
N_seqs	10	10
N_seqs	9	9
N_seqs	8	15
N_seqs	7	14
N_seqs	6	22
N_seqs	5	35
N_seqs	4	123
N_seqs	3	81
N_seqs	2	8809
#TIME-Wed Aug  2 07:12:07 2023
LARGE-1	50	removed
#TIME-Wed Aug  2 07:12:07 2023
LARGE-2	25	removed
#TIME-Wed Aug  2 07:12:07 2023
LARGE-3	23	removed
#TIME-Wed Aug  2 07:12:07 2023
LARGE-4	21	removed
#TIME-Wed Aug  2 07:12:07 2023
LARGE-5	21	removed
#TIME-Wed Aug  2 07:12:07 2023
LARGE-6	20	removed
#TIME-Wed Aug  2 07:12:07 2023
LARGE-7	19	removed
#TIME-Wed Aug  2 07:12:07 2023
LARGE-8	19	removed
#TIME-Wed Aug  2 07:12:07 2023
LARGE-9	18	removed
#TIME-Wed Aug  2 07:12:07 2023
LARGE-10	18	removed
#TIME-Wed Aug  2 07:12:07 2023
LARGE-11	16	removed
#TIME-Wed Aug  2 07:12:07 2023
LARGE-12	14	removed
#TIME-Wed Aug  2 07:12:07 2023
LARGE-13	14	removed
#TIME-Wed Aug  2 07:12:07 2023
LARGE-14	14	removed
#TIME-Wed Aug  2 07:12:07 2023
LARGE-15	13	removed
#TIME-Wed Aug  2 07:12:07 2023
LARGE-16	13	removed
#TIME-Wed Aug  2 07:12:07 2023
LARGE-17	13	removed
#TIME-Wed Aug  2 07:12:07 2023
LARGE-18	12	removed
#TIME-Wed Aug  2 07:12:07 2023
LARGE-19	12	removed
#TIME-Wed Aug  2 07:12:07 2023
LARGE-20	12	removed
#TIME-Wed Aug  2 07:12:07 2023
LARGE-21	12	removed
#TIME-Wed Aug  2 07:12:07 2023
LARGE-22	12	removed
#TIME-Wed Aug  2 07:12:07 2023
LARGE-23	12	removed
#TIME-Wed Aug  2 07:12:07 2023
LARGE-24	11	removed
#TIME-Wed Aug  2 07:12:07 2023
LARGE-25	11	removed
#TIME-Wed Aug  2 07:12:07 2023
LARGE-26	11	removed
#TIME-Wed Aug  2 07:12:07 2023
LARGE-27	11	removed
#TIME-Wed Aug  2 07:12:07 2023
LARGE-28	11	removed
#TIME-Wed Aug  2 07:12:07 2023
LARGE-29	11	removed
#TIME-Wed Aug  2 07:12:08 2023
F_clust	total-clusters: total number of clusters	9147
F_clust	seq_under_max_len: total sequences shorter than length cutoff 15000	19524
F_clust	max_sequences: clusters with fewer than 10 sequences	9117
F_clust	min_taxa: clusters with more than 2 taxa	9089
F_clust	taxa_mean: clusters with fewer than 9 seqs per taxon	9089
F_clust	single_copy_gene: clusters of a single copy ortholog	8806
F_clust	paralogous_gene: clusters with more than one copy in any taxon	283
F_clust	single_species: cluster has only one taxon	28
#TIME-Wed Aug  2 07:12:08 2023
# found 2 total taxa
#TIME-Wed Aug  2 07:12:08 2023
N_genes	Bpyro	9528
N_genes	iyBomTerr1	9527
#TIME-Wed Aug  2 07:12:08 2023
N_ortho	Bpyro	8806
N_ortho	iyBomTerr1	8806
#TIME-Wed Aug  2 07:12:08 2023
N_taxa	2	9089
N_taxa	1	28
#TIME-Wed Aug  2 07:12:08 2023
#TIME-Process completed in 0.0 minutes
## Great success!!:  Wed Aug  2 07:12:08 2023
