#TIME-Wed Aug  2 08:54:55 2023
/home/wrf/git/sequences/makehomologs.py -i /mnt/data/project/speciation-synteny/datasets/drosophila/Dmel6_vs_Dgrim.renamed.blastp.tab -f /mnt/data/project/speciation-synteny/datasets/drosophila/GCF_000001215.4_Release_6_plus_ISO1_MT_protein.x.n.faa /mnt/data/project/speciation-synteny/datasets/drosophila/GCF_018153295.1_ASM1815329v1_protein.x.n.faa -p 234 -o drosophila2_clusters_v1 -z 2 -s 2 -M10 -H 9 -c
#TIME-Wed Aug  2 08:54:55 2023
# Using Python version: 3.8.10
#TIME-Wed Aug  2 08:54:55 2023
# /mnt/data/project/speciation-synteny/datasets/drosophila/Dmel6_vs_Dgrim.renamed.blastp.tab input file detected
#TIME-Wed Aug  2 08:54:55 2023
# /mnt/data/project/speciation-synteny/datasets/drosophila/GCF_000001215.4_Release_6_plus_ISO1_MT_protein.x.n.faa /mnt/data/project/speciation-synteny/datasets/drosophila/GCF_018153295.1_ASM1815329v1_protein.x.n.faa used as fasta database
#TIME-Wed Aug  2 08:54:55 2023
# Counted 26811 total proteins for 2 species  Wed Aug  2 08:54:55 2023
#TIME-Wed Aug  2 08:54:55 2023
T_genes	Dgrim	12825
T_genes	Dmel6	13986
#TIME-Wed Aug  2 08:54:56 2023
N_bhits	Dgrim	10335
N_bhits	Dmel6	10479
#TIME-Wed Aug  2 08:54:56 2023
# Counting nodes in subgraphs
#TIME-Wed Aug  2 08:54:56 2023
# Found 20814 subgraphs, pruning small subgraphs (0 nodes)
#TIME-Wed Aug  2 08:54:56 2023
F_edge	all	55429
F_edge	non-self	55429
F_edge	passed-min-overlap	52507
F_edge	passed-max-overlap	48600
F_edge	passed-bitscore	17503
F_edge	retained-edges	17503
#TIME-Wed Aug  2 08:54:56 2023
N_nodes	nodes	20814
N_nodes	filtered-nodes	20814
#TIME-Wed Aug  2 08:54:56 2023
#CMD  mcl allvall_edges_drosophila2_clusters_v1.abc --abc -I 2.1 -o mcl_gene_clusters_drosophila2_clusters_v1.abc -te 8
#TIME-Wed Aug  2 08:54:57 2023
# fasta file contains 26811 records
#TIME-Wed Aug  2 08:54:57 2023
N_seqs	27	1
N_seqs	23	2
N_seqs	21	3
N_seqs	19	3
N_seqs	17	3
N_seqs	16	2
N_seqs	15	1
N_seqs	14	3
N_seqs	13	7
N_seqs	12	9
N_seqs	11	12
N_seqs	10	17
N_seqs	9	28
N_seqs	8	24
N_seqs	7	35
N_seqs	6	90
N_seqs	5	85
N_seqs	4	307
N_seqs	3	298
N_seqs	2	8102
#TIME-Wed Aug  2 08:54:57 2023
LARGE-1	27	removed
#TIME-Wed Aug  2 08:54:57 2023
LARGE-2	23	removed
#TIME-Wed Aug  2 08:54:57 2023
LARGE-3	23	removed
#TIME-Wed Aug  2 08:54:57 2023
LARGE-4	21	removed
#TIME-Wed Aug  2 08:54:57 2023
LARGE-5	21	removed
#TIME-Wed Aug  2 08:54:57 2023
LARGE-6	21	removed
#TIME-Wed Aug  2 08:54:57 2023
LARGE-7	19	removed
#TIME-Wed Aug  2 08:54:57 2023
LARGE-8	19	removed
#TIME-Wed Aug  2 08:54:57 2023
LARGE-9	19	removed
#TIME-Wed Aug  2 08:54:57 2023
LARGE-10	17	removed
#TIME-Wed Aug  2 08:54:57 2023
LARGE-11	17	removed
#TIME-Wed Aug  2 08:54:57 2023
LARGE-12	17	removed
#TIME-Wed Aug  2 08:54:57 2023
LARGE-13	16	removed
#TIME-Wed Aug  2 08:54:57 2023
LARGE-14	16	removed
#TIME-Wed Aug  2 08:54:57 2023
LARGE-15	15	removed
#TIME-Wed Aug  2 08:54:57 2023
LARGE-16	14	removed
#TIME-Wed Aug  2 08:54:57 2023
LARGE-17	14	removed
#TIME-Wed Aug  2 08:54:57 2023
LARGE-18	14	removed
#TIME-Wed Aug  2 08:54:57 2023
LARGE-19	13	removed
#TIME-Wed Aug  2 08:54:57 2023
LARGE-20	13	removed
#TIME-Wed Aug  2 08:54:57 2023
LARGE-21	13	removed
#TIME-Wed Aug  2 08:54:57 2023
LARGE-22	13	removed
#TIME-Wed Aug  2 08:54:57 2023
LARGE-23	13	removed
#TIME-Wed Aug  2 08:54:57 2023
LARGE-24	13	removed
#TIME-Wed Aug  2 08:54:57 2023
LARGE-25	13	removed
#TIME-Wed Aug  2 08:54:57 2023
LARGE-26	12	removed
#TIME-Wed Aug  2 08:54:57 2023
LARGE-27	12	removed
#TIME-Wed Aug  2 08:54:57 2023
LARGE-28	12	removed
#TIME-Wed Aug  2 08:54:57 2023
LARGE-29	12	removed
#TIME-Wed Aug  2 08:54:57 2023
LARGE-30	12	removed
#TIME-Wed Aug  2 08:54:57 2023
LARGE-31	12	removed
#TIME-Wed Aug  2 08:54:57 2023
LARGE-32	12	removed
#TIME-Wed Aug  2 08:54:57 2023
LARGE-33	12	removed
#TIME-Wed Aug  2 08:54:57 2023
LARGE-34	12	removed
#TIME-Wed Aug  2 08:54:57 2023
LARGE-35	11	removed
#TIME-Wed Aug  2 08:54:57 2023
LARGE-36	11	removed
#TIME-Wed Aug  2 08:54:57 2023
LARGE-37	11	removed
#TIME-Wed Aug  2 08:54:57 2023
LARGE-38	11	removed
#TIME-Wed Aug  2 08:54:57 2023
LARGE-39	11	removed
#TIME-Wed Aug  2 08:54:57 2023
LARGE-40	11	removed
#TIME-Wed Aug  2 08:54:57 2023
LARGE-41	11	removed
#TIME-Wed Aug  2 08:54:57 2023
LARGE-42	11	removed
#TIME-Wed Aug  2 08:54:57 2023
LARGE-43	11	removed
#TIME-Wed Aug  2 08:54:57 2023
LARGE-44	11	removed
#TIME-Wed Aug  2 08:54:57 2023
LARGE-45	11	removed
#TIME-Wed Aug  2 08:54:57 2023
LARGE-46	11	removed
#TIME-Wed Aug  2 08:54:58 2023
F_clust	total-clusters: total number of clusters	9032
F_clust	seq_under_max_len: total sequences shorter than length cutoff 15000	20812
F_clust	max_sequences: clusters with fewer than 10 sequences	8985
F_clust	min_taxa: clusters with more than 2 taxa	8934
F_clust	taxa_mean: clusters with fewer than 9 seqs per taxon	8934
F_clust	single_copy_gene: clusters of a single copy ortholog	8101
F_clust	paralogous_gene: clusters with more than one copy in any taxon	833
F_clust	single_species: cluster has only one taxon	51
#TIME-Wed Aug  2 08:54:58 2023
# found 2 total taxa
#TIME-Wed Aug  2 08:54:58 2023
N_genes	Dgrim	10059
N_genes	Dmel6	10089
#TIME-Wed Aug  2 08:54:58 2023
N_ortho	Dgrim	8101
N_ortho	Dmel6	8101
#TIME-Wed Aug  2 08:54:58 2023
N_taxa	2	8934
N_taxa	1	51
#TIME-Wed Aug  2 08:54:58 2023
#TIME-Process completed in 0.0 minutes
## Great success!!:  Wed Aug  2 08:54:58 2023
