#TIME-Tue Aug  1 22:47:55 2023
/home/wrf/git/sequences/makehomologs.py -i /mnt/data/project/speciation-synteny/datasets/epinephelus/Efusco_vs_Elanceo.renamed.blastp.tab -f /mnt/data/project/speciation-synteny/datasets/epinephelus/GCF_011397635.1_E.fuscoguttatus.final_Chr_v1_protein.x.n.faa /mnt/data/project/speciation-synteny/datasets/epinephelus/GCF_005281545.1_ASM528154v1_protein.x.n.faa -p 234 -o epinephelus_clusters_v1 -z 2 -s 2 -M10 -H 9 -c
#TIME-Tue Aug  1 22:47:55 2023
# Using Python version: 3.8.10
#TIME-Tue Aug  1 22:47:55 2023
# /mnt/data/project/speciation-synteny/datasets/epinephelus/Efusco_vs_Elanceo.renamed.blastp.tab input file detected
#TIME-Tue Aug  1 22:47:55 2023
# /mnt/data/project/speciation-synteny/datasets/epinephelus/GCF_011397635.1_E.fuscoguttatus.final_Chr_v1_protein.x.n.faa /mnt/data/project/speciation-synteny/datasets/epinephelus/GCF_005281545.1_ASM528154v1_protein.x.n.faa used as fasta database
#TIME-Tue Aug  1 22:47:56 2023
# Counted 48057 total proteins for 2 species  Tue Aug  1 22:47:56 2023
#TIME-Tue Aug  1 22:47:56 2023
T_genes	Efusco	23879
T_genes	Elanceo	24178
#TIME-Tue Aug  1 22:47:56 2023
N_bhits	Efusco	22669
N_bhits	Elanceo	22942
#TIME-Tue Aug  1 22:47:56 2023
# Counting nodes in subgraphs
#TIME-Tue Aug  1 22:47:56 2023
# Found 45611 subgraphs, pruning small subgraphs (0 nodes)
#TIME-Tue Aug  1 22:47:57 2023
F_edge	all	215532
F_edge	non-self	215532
F_edge	passed-min-overlap	201485
F_edge	passed-max-overlap	187689
F_edge	passed-bitscore	75687
F_edge	retained-edges	75687
#TIME-Tue Aug  1 22:47:57 2023
N_nodes	nodes	45611
N_nodes	filtered-nodes	45611
#TIME-Tue Aug  1 22:47:57 2023
#CMD  mcl allvall_edges_epinephelus_clusters_v1.abc --abc -I 2.1 -o mcl_gene_clusters_epinephelus_clusters_v1.abc -te 8
#TIME-Tue Aug  1 22:48:00 2023
# fasta file contains 48057 records
#TIME-Tue Aug  1 22:48:01 2023
N_seqs	53	1
N_seqs	47	1
N_seqs	45	1
N_seqs	41	2
N_seqs	40	1
N_seqs	36	2
N_seqs	35	1
N_seqs	33	3
N_seqs	31	5
N_seqs	30	4
N_seqs	29	1
N_seqs	28	2
N_seqs	27	2
N_seqs	26	6
N_seqs	25	4
N_seqs	24	4
N_seqs	23	4
N_seqs	22	2
N_seqs	21	4
N_seqs	20	3
N_seqs	19	11
N_seqs	18	2
N_seqs	17	10
N_seqs	16	9
N_seqs	15	14
N_seqs	14	25
N_seqs	13	24
N_seqs	12	31
N_seqs	11	45
N_seqs	10	86
N_seqs	9	66
N_seqs	8	236
N_seqs	7	141
N_seqs	6	559
N_seqs	5	223
N_seqs	4	1328
N_seqs	3	378
N_seqs	2	13275
#TIME-Tue Aug  1 22:48:01 2023
LARGE-1	53	removed
#TIME-Tue Aug  1 22:48:01 2023
LARGE-2	47	removed
#TIME-Tue Aug  1 22:48:01 2023
LARGE-3	45	removed
#TIME-Tue Aug  1 22:48:01 2023
LARGE-4	41	removed
#TIME-Tue Aug  1 22:48:01 2023
LARGE-5	41	removed
#TIME-Tue Aug  1 22:48:01 2023
LARGE-6	40	removed
#TIME-Tue Aug  1 22:48:01 2023
LARGE-7	36	removed
#TIME-Tue Aug  1 22:48:01 2023
LARGE-8	36	removed
#TIME-Tue Aug  1 22:48:01 2023
LARGE-9	35	removed
#TIME-Tue Aug  1 22:48:01 2023
LARGE-10	33	removed
#TIME-Tue Aug  1 22:48:01 2023
LARGE-11	33	removed
#TIME-Tue Aug  1 22:48:01 2023
LARGE-12	33	removed
#TIME-Tue Aug  1 22:48:01 2023
LARGE-13	31	removed
#TIME-Tue Aug  1 22:48:01 2023
LARGE-14	31	removed
#TIME-Tue Aug  1 22:48:01 2023
LARGE-15	31	removed
#TIME-Tue Aug  1 22:48:01 2023
LARGE-16	31	removed
#TIME-Tue Aug  1 22:48:01 2023
LARGE-17	31	removed
#TIME-Tue Aug  1 22:48:01 2023
LARGE-18	30	removed
#TIME-Tue Aug  1 22:48:01 2023
LARGE-19	30	removed
#TIME-Tue Aug  1 22:48:01 2023
LARGE-20	30	removed
#TIME-Tue Aug  1 22:48:01 2023
LARGE-21	30	removed
#TIME-Tue Aug  1 22:48:01 2023
LARGE-22	29	removed
#TIME-Tue Aug  1 22:48:01 2023
LARGE-23	28	removed
#TIME-Tue Aug  1 22:48:01 2023
LARGE-24	28	removed
#TIME-Tue Aug  1 22:48:01 2023
LARGE-25	27	removed
#TIME-Tue Aug  1 22:48:01 2023
LARGE-26	27	removed
#TIME-Tue Aug  1 22:48:01 2023
LARGE-27	26	removed
#TIME-Tue Aug  1 22:48:01 2023
LARGE-28	26	removed
#TIME-Tue Aug  1 22:48:01 2023
LARGE-29	26	removed
#TIME-Tue Aug  1 22:48:01 2023
LARGE-30	26	removed
#TIME-Tue Aug  1 22:48:01 2023
LARGE-31	26	removed
#TIME-Tue Aug  1 22:48:01 2023
LARGE-32	26	removed
#TIME-Tue Aug  1 22:48:01 2023
LARGE-33	25	removed
#TIME-Tue Aug  1 22:48:01 2023
LARGE-34	25	removed
#TIME-Tue Aug  1 22:48:01 2023
LARGE-35	25	removed
#TIME-Tue Aug  1 22:48:01 2023
LARGE-36	25	removed
#TIME-Tue Aug  1 22:48:01 2023
LARGE-37	24	removed
#TIME-Tue Aug  1 22:48:01 2023
LARGE-38	24	removed
#TIME-Tue Aug  1 22:48:01 2023
LARGE-39	24	removed
#TIME-Tue Aug  1 22:48:01 2023
LARGE-40	24	removed
#TIME-Tue Aug  1 22:48:01 2023
LARGE-41	23	removed
#TIME-Tue Aug  1 22:48:01 2023
LARGE-42	23	removed
#TIME-Tue Aug  1 22:48:01 2023
LARGE-43	23	removed
#TIME-Tue Aug  1 22:48:01 2023
LARGE-44	23	removed
#TIME-Tue Aug  1 22:48:01 2023
LARGE-45	22	removed
#TIME-Tue Aug  1 22:48:01 2023
LARGE-46	22	removed
#TIME-Tue Aug  1 22:48:01 2023
LARGE-47	21	removed
#TIME-Tue Aug  1 22:48:01 2023
LARGE-48	21	removed
#TIME-Tue Aug  1 22:48:01 2023
LARGE-49	21	removed
#TIME-Tue Aug  1 22:48:01 2023
LARGE-50	21	removed
#TIME-Tue Aug  1 22:48:01 2023
LARGE-51	20	removed
#TIME-Tue Aug  1 22:48:01 2023
LARGE-52	20	removed
#TIME-Tue Aug  1 22:48:01 2023
LARGE-53	20	removed
#TIME-Tue Aug  1 22:48:01 2023
LARGE-54	19	removed
#TIME-Tue Aug  1 22:48:01 2023
LARGE-55	19	removed
#TIME-Tue Aug  1 22:48:01 2023
LARGE-56	19	removed
#TIME-Tue Aug  1 22:48:01 2023
LARGE-57	19	removed
#TIME-Tue Aug  1 22:48:01 2023
LARGE-58	19	removed
#TIME-Tue Aug  1 22:48:01 2023
LARGE-59	19	removed
#TIME-Tue Aug  1 22:48:01 2023
LARGE-60	19	removed
#TIME-Tue Aug  1 22:48:01 2023
LARGE-61	19	removed
#TIME-Tue Aug  1 22:48:01 2023
LARGE-62	19	removed
#TIME-Tue Aug  1 22:48:01 2023
LARGE-63	19	removed
#TIME-Tue Aug  1 22:48:01 2023
LARGE-64	19	removed
#TIME-Tue Aug  1 22:48:01 2023
LARGE-65	18	removed
#TIME-Tue Aug  1 22:48:01 2023
LARGE-66	18	removed
#TIME-Tue Aug  1 22:48:01 2023
LARGE-67	17	removed
#TIME-Tue Aug  1 22:48:01 2023
LARGE-68	17	removed
#TIME-Tue Aug  1 22:48:01 2023
LARGE-69	17	removed
#TIME-Tue Aug  1 22:48:01 2023
LARGE-70	17	removed
#TIME-Tue Aug  1 22:48:01 2023
LARGE-71	17	removed
#TIME-Tue Aug  1 22:48:01 2023
LARGE-72	17	removed
#TIME-Tue Aug  1 22:48:01 2023
LARGE-73	17	removed
#TIME-Tue Aug  1 22:48:01 2023
LARGE-74	17	removed
#TIME-Tue Aug  1 22:48:01 2023
LARGE-75	17	removed
#TIME-Tue Aug  1 22:48:01 2023
LARGE-76	17	removed
#TIME-Tue Aug  1 22:48:01 2023
LARGE-77	16	removed
#TIME-Tue Aug  1 22:48:01 2023
LARGE-78	16	removed
#TIME-Tue Aug  1 22:48:01 2023
LARGE-79	16	removed
#TIME-Tue Aug  1 22:48:01 2023
LARGE-80	16	removed
#TIME-Tue Aug  1 22:48:01 2023
LARGE-81	16	removed
#TIME-Tue Aug  1 22:48:01 2023
LARGE-82	16	removed
#TIME-Tue Aug  1 22:48:01 2023
LARGE-83	16	removed
#TIME-Tue Aug  1 22:48:01 2023
LARGE-84	16	removed
#TIME-Tue Aug  1 22:48:01 2023
LARGE-85	16	removed
#TIME-Tue Aug  1 22:48:01 2023
LARGE-86	15	removed
#TIME-Tue Aug  1 22:48:01 2023
LARGE-87	15	removed
#TIME-Tue Aug  1 22:48:01 2023
LARGE-88	15	removed
#TIME-Tue Aug  1 22:48:01 2023
LARGE-89	15	removed
#TIME-Tue Aug  1 22:48:01 2023
LARGE-90	15	removed
#TIME-Tue Aug  1 22:48:01 2023
LARGE-91	15	removed
#TIME-Tue Aug  1 22:48:01 2023
LARGE-92	15	removed
#TIME-Tue Aug  1 22:48:01 2023
LARGE-93	15	removed
#TIME-Tue Aug  1 22:48:01 2023
LARGE-94	15	removed
#TIME-Tue Aug  1 22:48:01 2023
LARGE-95	15	removed
#TIME-Tue Aug  1 22:48:01 2023
LARGE-96	15	removed
#TIME-Tue Aug  1 22:48:01 2023
LARGE-97	15	removed
#TIME-Tue Aug  1 22:48:01 2023
LARGE-98	15	removed
#TIME-Tue Aug  1 22:48:01 2023
LARGE-99	15	removed
#TIME-Tue Aug  1 22:48:01 2023
LARGE-100	14	removed
#TIME-Tue Aug  1 22:48:01 2023
LARGE-101	14	removed
#TIME-Tue Aug  1 22:48:01 2023
LARGE-102	14	removed
#TIME-Tue Aug  1 22:48:01 2023
LARGE-103	14	removed
#TIME-Tue Aug  1 22:48:01 2023
LARGE-104	14	removed
#TIME-Tue Aug  1 22:48:01 2023
LARGE-105	14	removed
#TIME-Tue Aug  1 22:48:01 2023
LARGE-106	14	removed
#TIME-Tue Aug  1 22:48:01 2023
LARGE-107	14	removed
#TIME-Tue Aug  1 22:48:01 2023
LARGE-108	14	removed
#TIME-Tue Aug  1 22:48:01 2023
LARGE-109	14	removed
#TIME-Tue Aug  1 22:48:01 2023
LARGE-110	14	removed
#TIME-Tue Aug  1 22:48:01 2023
LARGE-111	14	removed
#TIME-Tue Aug  1 22:48:01 2023
LARGE-112	14	removed
#TIME-Tue Aug  1 22:48:01 2023
LARGE-113	14	removed
#TIME-Tue Aug  1 22:48:01 2023
LARGE-114	14	removed
#TIME-Tue Aug  1 22:48:01 2023
LARGE-115	14	removed
#TIME-Tue Aug  1 22:48:01 2023
LARGE-116	14	removed
#TIME-Tue Aug  1 22:48:01 2023
LARGE-117	14	removed
#TIME-Tue Aug  1 22:48:01 2023
LARGE-118	14	removed
#TIME-Tue Aug  1 22:48:01 2023
LARGE-119	14	removed
#TIME-Tue Aug  1 22:48:01 2023
LARGE-120	14	removed
#TIME-Tue Aug  1 22:48:01 2023
LARGE-121	14	removed
#TIME-Tue Aug  1 22:48:01 2023
LARGE-122	14	removed
#TIME-Tue Aug  1 22:48:01 2023
LARGE-123	14	removed
#TIME-Tue Aug  1 22:48:01 2023
LARGE-124	14	removed
#TIME-Tue Aug  1 22:48:01 2023
LARGE-125	13	removed
#TIME-Tue Aug  1 22:48:01 2023
LARGE-126	13	removed
#TIME-Tue Aug  1 22:48:01 2023
LARGE-127	13	removed
#TIME-Tue Aug  1 22:48:01 2023
LARGE-128	13	removed
#TIME-Tue Aug  1 22:48:01 2023
LARGE-129	13	removed
#TIME-Tue Aug  1 22:48:01 2023
LARGE-130	13	removed
#TIME-Tue Aug  1 22:48:01 2023
LARGE-131	13	removed
#TIME-Tue Aug  1 22:48:01 2023
LARGE-132	13	removed
#TIME-Tue Aug  1 22:48:01 2023
LARGE-133	13	removed
#TIME-Tue Aug  1 22:48:01 2023
LARGE-134	13	removed
#TIME-Tue Aug  1 22:48:01 2023
LARGE-135	13	removed
#TIME-Tue Aug  1 22:48:01 2023
LARGE-136	13	removed
#TIME-Tue Aug  1 22:48:01 2023
LARGE-137	13	removed
#TIME-Tue Aug  1 22:48:01 2023
LARGE-138	13	removed
#TIME-Tue Aug  1 22:48:01 2023
LARGE-139	13	removed
#TIME-Tue Aug  1 22:48:01 2023
LARGE-140	13	removed
#TIME-Tue Aug  1 22:48:01 2023
LARGE-141	13	removed
#TIME-Tue Aug  1 22:48:01 2023
LARGE-142	13	removed
#TIME-Tue Aug  1 22:48:01 2023
LARGE-143	13	removed
#TIME-Tue Aug  1 22:48:01 2023
LARGE-144	13	removed
#TIME-Tue Aug  1 22:48:01 2023
LARGE-145	13	removed
#TIME-Tue Aug  1 22:48:01 2023
LARGE-146	13	removed
#TIME-Tue Aug  1 22:48:01 2023
LARGE-147	13	removed
#TIME-Tue Aug  1 22:48:01 2023
LARGE-148	13	removed
#TIME-Tue Aug  1 22:48:01 2023
LARGE-149	12	removed
#TIME-Tue Aug  1 22:48:01 2023
LARGE-150	12	removed
#TIME-Tue Aug  1 22:48:01 2023
LARGE-151	12	removed
#TIME-Tue Aug  1 22:48:01 2023
LARGE-152	12	removed
#TIME-Tue Aug  1 22:48:01 2023
LARGE-153	12	removed
#TIME-Tue Aug  1 22:48:01 2023
LARGE-154	12	removed
#TIME-Tue Aug  1 22:48:01 2023
LARGE-155	12	removed
#TIME-Tue Aug  1 22:48:01 2023
LARGE-156	12	removed
#TIME-Tue Aug  1 22:48:01 2023
LARGE-157	12	removed
#TIME-Tue Aug  1 22:48:01 2023
LARGE-158	12	removed
#TIME-Tue Aug  1 22:48:01 2023
LARGE-159	12	removed
#TIME-Tue Aug  1 22:48:01 2023
LARGE-160	12	removed
#TIME-Tue Aug  1 22:48:01 2023
LARGE-161	12	removed
#TIME-Tue Aug  1 22:48:01 2023
LARGE-162	12	removed
#TIME-Tue Aug  1 22:48:01 2023
LARGE-163	12	removed
#TIME-Tue Aug  1 22:48:01 2023
LARGE-164	12	removed
#TIME-Tue Aug  1 22:48:01 2023
LARGE-165	12	removed
#TIME-Tue Aug  1 22:48:01 2023
LARGE-166	12	removed
#TIME-Tue Aug  1 22:48:01 2023
LARGE-167	12	removed
#TIME-Tue Aug  1 22:48:01 2023
LARGE-168	12	removed
#TIME-Tue Aug  1 22:48:01 2023
LARGE-169	12	removed
#TIME-Tue Aug  1 22:48:01 2023
LARGE-170	12	removed
#TIME-Tue Aug  1 22:48:01 2023
LARGE-171	12	removed
#TIME-Tue Aug  1 22:48:01 2023
LARGE-172	12	removed
#TIME-Tue Aug  1 22:48:01 2023
LARGE-173	12	removed
#TIME-Tue Aug  1 22:48:01 2023
LARGE-174	12	removed
#TIME-Tue Aug  1 22:48:01 2023
LARGE-175	12	removed
#TIME-Tue Aug  1 22:48:01 2023
LARGE-176	12	removed
#TIME-Tue Aug  1 22:48:01 2023
LARGE-177	12	removed
#TIME-Tue Aug  1 22:48:01 2023
LARGE-178	12	removed
#TIME-Tue Aug  1 22:48:01 2023
LARGE-179	12	removed
#TIME-Tue Aug  1 22:48:01 2023
LARGE-180	11	removed
#TIME-Tue Aug  1 22:48:01 2023
LARGE-181	11	removed
#TIME-Tue Aug  1 22:48:01 2023
LARGE-182	11	removed
#TIME-Tue Aug  1 22:48:01 2023
LARGE-183	11	removed
#TIME-Tue Aug  1 22:48:01 2023
LARGE-184	11	removed
#TIME-Tue Aug  1 22:48:01 2023
LARGE-185	11	removed
#TIME-Tue Aug  1 22:48:01 2023
LARGE-186	11	removed
#TIME-Tue Aug  1 22:48:01 2023
LARGE-187	11	removed
#TIME-Tue Aug  1 22:48:01 2023
LARGE-188	11	removed
#TIME-Tue Aug  1 22:48:01 2023
LARGE-189	11	removed
#TIME-Tue Aug  1 22:48:01 2023
LARGE-190	11	removed
#TIME-Tue Aug  1 22:48:01 2023
LARGE-191	11	removed
#TIME-Tue Aug  1 22:48:01 2023
LARGE-192	11	removed
#TIME-Tue Aug  1 22:48:01 2023
LARGE-193	11	removed
#TIME-Tue Aug  1 22:48:01 2023
LARGE-194	11	removed
#TIME-Tue Aug  1 22:48:01 2023
LARGE-195	11	removed
#TIME-Tue Aug  1 22:48:01 2023
LARGE-196	11	removed
#TIME-Tue Aug  1 22:48:01 2023
LARGE-197	11	removed
#TIME-Tue Aug  1 22:48:01 2023
LARGE-198	11	removed
#TIME-Tue Aug  1 22:48:01 2023
LARGE-199	11	removed
#TIME-Tue Aug  1 22:48:01 2023
LARGE-200	11	removed
#TIME-Tue Aug  1 22:48:01 2023
LARGE-201	11	removed
#TIME-Tue Aug  1 22:48:01 2023
LARGE-202	11	removed
#TIME-Tue Aug  1 22:48:01 2023
LARGE-203	11	removed
#TIME-Tue Aug  1 22:48:01 2023
LARGE-204	11	removed
#TIME-Tue Aug  1 22:48:01 2023
LARGE-205	11	removed
#TIME-Tue Aug  1 22:48:01 2023
LARGE-206	11	removed
#TIME-Tue Aug  1 22:48:01 2023
LARGE-207	11	removed
#TIME-Tue Aug  1 22:48:01 2023
LARGE-208	11	removed
#TIME-Tue Aug  1 22:48:01 2023
LARGE-209	11	removed
#TIME-Tue Aug  1 22:48:01 2023
LARGE-210	11	removed
#TIME-Tue Aug  1 22:48:01 2023
LARGE-211	11	removed
#TIME-Tue Aug  1 22:48:01 2023
LARGE-212	11	removed
#TIME-Tue Aug  1 22:48:01 2023
LARGE-213	11	removed
#TIME-Tue Aug  1 22:48:01 2023
LARGE-214	11	removed
#TIME-Tue Aug  1 22:48:01 2023
LARGE-215	11	removed
#TIME-Tue Aug  1 22:48:01 2023
LARGE-216	11	removed
#TIME-Tue Aug  1 22:48:01 2023
LARGE-217	11	removed
#TIME-Tue Aug  1 22:48:01 2023
LARGE-218	11	removed
#TIME-Tue Aug  1 22:48:01 2023
LARGE-219	11	removed
#TIME-Tue Aug  1 22:48:01 2023
LARGE-220	11	removed
#TIME-Tue Aug  1 22:48:01 2023
LARGE-221	11	removed
#TIME-Tue Aug  1 22:48:01 2023
LARGE-222	11	removed
#TIME-Tue Aug  1 22:48:01 2023
LARGE-223	11	removed
#TIME-Tue Aug  1 22:48:01 2023
LARGE-224	11	removed
#TIME-Tue Aug  1 22:48:02 2023
F_clust	total-clusters: total number of clusters	16516
F_clust	seq_under_max_len: total sequences shorter than length cutoff 15000	45607
F_clust	max_sequences: clusters with fewer than 10 sequences	16291
F_clust	min_taxa: clusters with more than 2 taxa	15883
F_clust	taxa_mean: clusters with fewer than 9 seqs per taxon	15883
F_clust	single_copy_gene: clusters of a single copy ortholog	13274
F_clust	paralogous_gene: clusters with more than one copy in any taxon	2609
F_clust	single_species: cluster has only one taxon	408
#TIME-Tue Aug  1 22:48:02 2023
# found 2 total taxa
#TIME-Tue Aug  1 22:48:02 2023
N_genes	Efusco	20817
N_genes	Elanceo	20973
#TIME-Tue Aug  1 22:48:02 2023
N_ortho	Efusco	13274
N_ortho	Elanceo	13274
#TIME-Tue Aug  1 22:48:02 2023
N_taxa	2	15883
N_taxa	1	408
#TIME-Tue Aug  1 22:48:02 2023
#TIME-Process completed in 0.1 minutes
## Great success!!:  Tue Aug  1 22:48:02 2023
