#TIME-Wed Aug  2 16:43:30 2023
/home/wrf/git/sequences/makehomologs.py -i /mnt/data/project/speciation-synteny/datasets/homonids/GRCh38p14_vs_mPanTro3.renamed.blastp.tab -f /mnt/data/project/speciation-synteny/datasets/homonids/GCF_000001405.40_GRCh38.p14_protein.x.n.faa /mnt/data/project/speciation-synteny/datasets/homonids/GCF_028858775.1_NHGRI_mPanTro3-v1.1-hic.freeze_pri_protein.x.n.faa -p 234 -o homonids1_clusters_v1 -z 2 -s 2 -M10 -H 9 -c
#TIME-Wed Aug  2 16:43:30 2023
# Using Python version: 3.8.10
#TIME-Wed Aug  2 16:43:30 2023
# /mnt/data/project/speciation-synteny/datasets/homonids/GRCh38p14_vs_mPanTro3.renamed.blastp.tab input file detected
#TIME-Wed Aug  2 16:43:30 2023
# /mnt/data/project/speciation-synteny/datasets/homonids/GCF_000001405.40_GRCh38.p14_protein.x.n.faa /mnt/data/project/speciation-synteny/datasets/homonids/GCF_028858775.1_NHGRI_mPanTro3-v1.1-hic.freeze_pri_protein.x.n.faa used as fasta database
#TIME-Wed Aug  2 16:43:31 2023
# Counted 43451 total proteins for 2 species  Wed Aug  2 16:43:31 2023
#TIME-Wed Aug  2 16:43:31 2023
T_genes	GRCh38p14	20831
T_genes	mPanTro3	22620
#TIME-Wed Aug  2 16:43:31 2023
N_bhits	GRCh38p14	19787
N_bhits	mPanTro3	20441
#TIME-Wed Aug  2 16:43:31 2023
# Counting nodes in subgraphs
#TIME-Wed Aug  2 16:43:31 2023
# Found 40228 subgraphs, pruning small subgraphs (0 nodes)
#TIME-Wed Aug  2 16:43:31 2023
F_edge	all	160874
F_edge	non-self	160874
F_edge	passed-min-overlap	150797
F_edge	passed-max-overlap	141133
F_edge	passed-bitscore	57625
F_edge	retained-edges	57625
#TIME-Wed Aug  2 16:43:31 2023
N_nodes	nodes	40228
N_nodes	filtered-nodes	40228
#TIME-Wed Aug  2 16:43:31 2023
#CMD  mcl allvall_edges_homonids1_clusters_v1.abc --abc -I 2.1 -o mcl_gene_clusters_homonids1_clusters_v1.abc -te 8
#TIME-Wed Aug  2 16:43:34 2023
# fasta file contains 43451 records
#TIME-Wed Aug  2 16:43:35 2023
N_seqs	84	1
N_seqs	70	2
N_seqs	57	1
N_seqs	42	1
N_seqs	38	2
N_seqs	37	1
N_seqs	35	1
N_seqs	34	1
N_seqs	31	1
N_seqs	30	1
N_seqs	28	10
N_seqs	27	2
N_seqs	26	6
N_seqs	25	4
N_seqs	24	2
N_seqs	23	3
N_seqs	22	4
N_seqs	21	3
N_seqs	20	6
N_seqs	19	7
N_seqs	18	9
N_seqs	17	7
N_seqs	16	12
N_seqs	15	16
N_seqs	14	18
N_seqs	13	11
N_seqs	12	33
N_seqs	11	27
N_seqs	10	49
N_seqs	9	55
N_seqs	8	121
N_seqs	7	106
N_seqs	6	308
N_seqs	5	230
N_seqs	4	820
N_seqs	3	725
N_seqs	2	12801
#TIME-Wed Aug  2 16:43:35 2023
LARGE-1	84	removed
#TIME-Wed Aug  2 16:43:35 2023
LARGE-2	70	removed
#TIME-Wed Aug  2 16:43:35 2023
LARGE-3	70	removed
#TIME-Wed Aug  2 16:43:35 2023
LARGE-4	57	removed
#TIME-Wed Aug  2 16:43:35 2023
LARGE-5	42	removed
#TIME-Wed Aug  2 16:43:35 2023
LARGE-6	38	removed
#TIME-Wed Aug  2 16:43:35 2023
LARGE-7	38	removed
#TIME-Wed Aug  2 16:43:35 2023
LARGE-8	37	removed
#TIME-Wed Aug  2 16:43:35 2023
LARGE-9	35	removed
#TIME-Wed Aug  2 16:43:35 2023
LARGE-10	34	removed
#TIME-Wed Aug  2 16:43:35 2023
LARGE-11	31	removed
#TIME-Wed Aug  2 16:43:35 2023
LARGE-12	30	removed
#TIME-Wed Aug  2 16:43:35 2023
LARGE-13	28	removed
#TIME-Wed Aug  2 16:43:35 2023
LARGE-14	28	removed
#TIME-Wed Aug  2 16:43:35 2023
LARGE-15	28	removed
#TIME-Wed Aug  2 16:43:35 2023
LARGE-16	28	removed
#TIME-Wed Aug  2 16:43:35 2023
LARGE-17	28	removed
#TIME-Wed Aug  2 16:43:35 2023
LARGE-18	28	removed
#TIME-Wed Aug  2 16:43:35 2023
LARGE-19	28	removed
#TIME-Wed Aug  2 16:43:35 2023
LARGE-20	28	removed
#TIME-Wed Aug  2 16:43:35 2023
LARGE-21	28	removed
#TIME-Wed Aug  2 16:43:35 2023
LARGE-22	28	removed
#TIME-Wed Aug  2 16:43:35 2023
LARGE-23	27	removed
#TIME-Wed Aug  2 16:43:35 2023
LARGE-24	27	removed
#TIME-Wed Aug  2 16:43:35 2023
LARGE-25	26	removed
#TIME-Wed Aug  2 16:43:35 2023
LARGE-26	26	removed
#TIME-Wed Aug  2 16:43:35 2023
LARGE-27	26	removed
#TIME-Wed Aug  2 16:43:35 2023
LARGE-28	26	removed
#TIME-Wed Aug  2 16:43:35 2023
LARGE-29	26	removed
#TIME-Wed Aug  2 16:43:35 2023
LARGE-30	26	removed
#TIME-Wed Aug  2 16:43:35 2023
LARGE-31	25	removed
#TIME-Wed Aug  2 16:43:35 2023
LARGE-32	25	removed
#TIME-Wed Aug  2 16:43:35 2023
LARGE-33	25	removed
#TIME-Wed Aug  2 16:43:35 2023
LARGE-34	25	removed
#TIME-Wed Aug  2 16:43:35 2023
LARGE-35	24	removed
#TIME-Wed Aug  2 16:43:35 2023
LARGE-36	24	removed
#TIME-Wed Aug  2 16:43:35 2023
LARGE-37	23	removed
#TIME-Wed Aug  2 16:43:35 2023
LARGE-38	23	removed
#TIME-Wed Aug  2 16:43:35 2023
LARGE-39	23	removed
#TIME-Wed Aug  2 16:43:35 2023
LARGE-40	22	removed
#TIME-Wed Aug  2 16:43:35 2023
LARGE-41	22	removed
#TIME-Wed Aug  2 16:43:35 2023
LARGE-42	22	removed
#TIME-Wed Aug  2 16:43:35 2023
LARGE-43	22	removed
#TIME-Wed Aug  2 16:43:35 2023
LARGE-44	21	removed
#TIME-Wed Aug  2 16:43:35 2023
LARGE-45	21	removed
#TIME-Wed Aug  2 16:43:35 2023
LARGE-46	21	removed
#TIME-Wed Aug  2 16:43:35 2023
LARGE-47	20	removed
#TIME-Wed Aug  2 16:43:35 2023
LARGE-48	20	removed
#TIME-Wed Aug  2 16:43:35 2023
LARGE-49	20	removed
#TIME-Wed Aug  2 16:43:35 2023
LARGE-50	20	removed
#TIME-Wed Aug  2 16:43:35 2023
LARGE-51	20	removed
#TIME-Wed Aug  2 16:43:35 2023
LARGE-52	20	removed
#TIME-Wed Aug  2 16:43:35 2023
LARGE-53	19	removed
#TIME-Wed Aug  2 16:43:35 2023
LARGE-54	19	removed
#TIME-Wed Aug  2 16:43:35 2023
LARGE-55	19	removed
#TIME-Wed Aug  2 16:43:35 2023
LARGE-56	19	removed
#TIME-Wed Aug  2 16:43:35 2023
LARGE-57	19	removed
#TIME-Wed Aug  2 16:43:35 2023
LARGE-58	19	removed
#TIME-Wed Aug  2 16:43:35 2023
LARGE-59	19	removed
#TIME-Wed Aug  2 16:43:35 2023
LARGE-60	18	removed
#TIME-Wed Aug  2 16:43:35 2023
LARGE-61	18	removed
#TIME-Wed Aug  2 16:43:35 2023
LARGE-62	18	removed
#TIME-Wed Aug  2 16:43:35 2023
LARGE-63	18	removed
#TIME-Wed Aug  2 16:43:35 2023
LARGE-64	18	removed
#TIME-Wed Aug  2 16:43:35 2023
LARGE-65	18	removed
#TIME-Wed Aug  2 16:43:35 2023
LARGE-66	18	removed
#TIME-Wed Aug  2 16:43:35 2023
LARGE-67	18	removed
#TIME-Wed Aug  2 16:43:35 2023
LARGE-68	18	removed
#TIME-Wed Aug  2 16:43:35 2023
LARGE-69	17	removed
#TIME-Wed Aug  2 16:43:35 2023
LARGE-70	17	removed
#TIME-Wed Aug  2 16:43:35 2023
LARGE-71	17	removed
#TIME-Wed Aug  2 16:43:35 2023
LARGE-72	17	removed
#TIME-Wed Aug  2 16:43:35 2023
LARGE-73	17	removed
#TIME-Wed Aug  2 16:43:35 2023
LARGE-74	17	removed
#TIME-Wed Aug  2 16:43:35 2023
LARGE-75	17	removed
#TIME-Wed Aug  2 16:43:35 2023
LARGE-76	16	removed
#TIME-Wed Aug  2 16:43:35 2023
LARGE-77	16	removed
#TIME-Wed Aug  2 16:43:35 2023
LARGE-78	16	removed
#TIME-Wed Aug  2 16:43:35 2023
LARGE-79	16	removed
#TIME-Wed Aug  2 16:43:35 2023
LARGE-80	16	removed
#TIME-Wed Aug  2 16:43:35 2023
LARGE-81	16	removed
#TIME-Wed Aug  2 16:43:35 2023
LARGE-82	16	removed
#TIME-Wed Aug  2 16:43:35 2023
LARGE-83	16	removed
#TIME-Wed Aug  2 16:43:35 2023
LARGE-84	16	removed
#TIME-Wed Aug  2 16:43:35 2023
LARGE-85	16	removed
#TIME-Wed Aug  2 16:43:35 2023
LARGE-86	16	removed
#TIME-Wed Aug  2 16:43:35 2023
LARGE-87	16	removed
#TIME-Wed Aug  2 16:43:35 2023
LARGE-88	15	removed
#TIME-Wed Aug  2 16:43:35 2023
LARGE-89	15	removed
#TIME-Wed Aug  2 16:43:35 2023
LARGE-90	15	removed
#TIME-Wed Aug  2 16:43:35 2023
LARGE-91	15	removed
#TIME-Wed Aug  2 16:43:35 2023
LARGE-92	15	removed
#TIME-Wed Aug  2 16:43:35 2023
LARGE-93	15	removed
#TIME-Wed Aug  2 16:43:35 2023
LARGE-94	15	removed
#TIME-Wed Aug  2 16:43:35 2023
LARGE-95	15	removed
#TIME-Wed Aug  2 16:43:35 2023
LARGE-96	15	removed
#TIME-Wed Aug  2 16:43:35 2023
LARGE-97	15	removed
#TIME-Wed Aug  2 16:43:35 2023
LARGE-98	15	removed
#TIME-Wed Aug  2 16:43:35 2023
LARGE-99	15	removed
#TIME-Wed Aug  2 16:43:35 2023
LARGE-100	15	removed
#TIME-Wed Aug  2 16:43:35 2023
LARGE-101	15	removed
#TIME-Wed Aug  2 16:43:35 2023
LARGE-102	15	removed
#TIME-Wed Aug  2 16:43:35 2023
LARGE-103	15	removed
#TIME-Wed Aug  2 16:43:35 2023
LARGE-104	14	removed
#TIME-Wed Aug  2 16:43:35 2023
LARGE-105	14	removed
#TIME-Wed Aug  2 16:43:35 2023
LARGE-106	14	removed
#TIME-Wed Aug  2 16:43:35 2023
LARGE-107	14	removed
#TIME-Wed Aug  2 16:43:35 2023
LARGE-108	14	removed
#TIME-Wed Aug  2 16:43:35 2023
LARGE-109	14	removed
#TIME-Wed Aug  2 16:43:35 2023
LARGE-110	14	removed
#TIME-Wed Aug  2 16:43:35 2023
LARGE-111	14	removed
#TIME-Wed Aug  2 16:43:35 2023
LARGE-112	14	removed
#TIME-Wed Aug  2 16:43:35 2023
LARGE-113	14	removed
#TIME-Wed Aug  2 16:43:35 2023
LARGE-114	14	removed
#TIME-Wed Aug  2 16:43:35 2023
LARGE-115	14	removed
#TIME-Wed Aug  2 16:43:35 2023
LARGE-116	14	removed
#TIME-Wed Aug  2 16:43:35 2023
LARGE-117	14	removed
#TIME-Wed Aug  2 16:43:35 2023
LARGE-118	14	removed
#TIME-Wed Aug  2 16:43:35 2023
LARGE-119	14	removed
#TIME-Wed Aug  2 16:43:35 2023
LARGE-120	14	removed
#TIME-Wed Aug  2 16:43:35 2023
LARGE-121	14	removed
#TIME-Wed Aug  2 16:43:35 2023
LARGE-122	13	removed
#TIME-Wed Aug  2 16:43:35 2023
LARGE-123	13	removed
#TIME-Wed Aug  2 16:43:35 2023
LARGE-124	13	removed
#TIME-Wed Aug  2 16:43:35 2023
LARGE-125	13	removed
#TIME-Wed Aug  2 16:43:35 2023
LARGE-126	13	removed
#TIME-Wed Aug  2 16:43:35 2023
LARGE-127	13	removed
#TIME-Wed Aug  2 16:43:35 2023
LARGE-128	13	removed
#TIME-Wed Aug  2 16:43:35 2023
LARGE-129	13	removed
#TIME-Wed Aug  2 16:43:35 2023
LARGE-130	13	removed
#TIME-Wed Aug  2 16:43:35 2023
LARGE-131	13	removed
#TIME-Wed Aug  2 16:43:35 2023
LARGE-132	13	removed
#TIME-Wed Aug  2 16:43:35 2023
LARGE-133	12	removed
#TIME-Wed Aug  2 16:43:35 2023
LARGE-134	12	removed
#TIME-Wed Aug  2 16:43:35 2023
LARGE-135	12	removed
#TIME-Wed Aug  2 16:43:35 2023
LARGE-136	12	removed
#TIME-Wed Aug  2 16:43:35 2023
LARGE-137	12	removed
#TIME-Wed Aug  2 16:43:35 2023
LARGE-138	12	removed
#TIME-Wed Aug  2 16:43:35 2023
LARGE-139	12	removed
#TIME-Wed Aug  2 16:43:35 2023
LARGE-140	12	removed
#TIME-Wed Aug  2 16:43:35 2023
LARGE-141	12	removed
#TIME-Wed Aug  2 16:43:35 2023
LARGE-142	12	removed
#TIME-Wed Aug  2 16:43:35 2023
LARGE-143	12	removed
#TIME-Wed Aug  2 16:43:35 2023
LARGE-144	12	removed
#TIME-Wed Aug  2 16:43:35 2023
LARGE-145	12	removed
#TIME-Wed Aug  2 16:43:35 2023
LARGE-146	12	removed
#TIME-Wed Aug  2 16:43:35 2023
LARGE-147	12	removed
#TIME-Wed Aug  2 16:43:35 2023
LARGE-148	12	removed
#TIME-Wed Aug  2 16:43:35 2023
LARGE-149	12	removed
#TIME-Wed Aug  2 16:43:35 2023
LARGE-150	12	removed
#TIME-Wed Aug  2 16:43:35 2023
LARGE-151	12	removed
#TIME-Wed Aug  2 16:43:35 2023
LARGE-152	12	removed
#TIME-Wed Aug  2 16:43:35 2023
LARGE-153	12	removed
#TIME-Wed Aug  2 16:43:35 2023
LARGE-154	12	removed
#TIME-Wed Aug  2 16:43:35 2023
LARGE-155	12	removed
#TIME-Wed Aug  2 16:43:35 2023
LARGE-156	12	removed
#TIME-Wed Aug  2 16:43:35 2023
LARGE-157	12	removed
#TIME-Wed Aug  2 16:43:35 2023
LARGE-158	12	removed
#TIME-Wed Aug  2 16:43:35 2023
LARGE-159	12	removed
#TIME-Wed Aug  2 16:43:35 2023
LARGE-160	12	removed
#TIME-Wed Aug  2 16:43:35 2023
LARGE-161	12	removed
#TIME-Wed Aug  2 16:43:35 2023
LARGE-162	12	removed
#TIME-Wed Aug  2 16:43:35 2023
LARGE-163	12	removed
#TIME-Wed Aug  2 16:43:35 2023
LARGE-164	12	removed
#TIME-Wed Aug  2 16:43:35 2023
LARGE-165	12	removed
#TIME-Wed Aug  2 16:43:35 2023
LARGE-166	11	removed
#TIME-Wed Aug  2 16:43:35 2023
LARGE-167	11	removed
#TIME-Wed Aug  2 16:43:35 2023
LARGE-168	11	removed
#TIME-Wed Aug  2 16:43:35 2023
LARGE-169	11	removed
#TIME-Wed Aug  2 16:43:35 2023
LARGE-170	11	removed
#TIME-Wed Aug  2 16:43:35 2023
LARGE-171	11	removed
#TIME-Wed Aug  2 16:43:35 2023
LARGE-172	11	removed
#TIME-Wed Aug  2 16:43:35 2023
LARGE-173	11	removed
#TIME-Wed Aug  2 16:43:35 2023
LARGE-174	11	removed
#TIME-Wed Aug  2 16:43:35 2023
LARGE-175	11	removed
#TIME-Wed Aug  2 16:43:35 2023
LARGE-176	11	removed
#TIME-Wed Aug  2 16:43:35 2023
LARGE-177	11	removed
#TIME-Wed Aug  2 16:43:35 2023
LARGE-178	11	removed
#TIME-Wed Aug  2 16:43:35 2023
LARGE-179	11	removed
#TIME-Wed Aug  2 16:43:35 2023
LARGE-180	11	removed
#TIME-Wed Aug  2 16:43:35 2023
LARGE-181	11	removed
#TIME-Wed Aug  2 16:43:35 2023
LARGE-182	11	removed
#TIME-Wed Aug  2 16:43:35 2023
LARGE-183	11	removed
#TIME-Wed Aug  2 16:43:35 2023
LARGE-184	11	removed
#TIME-Wed Aug  2 16:43:35 2023
LARGE-185	11	removed
#TIME-Wed Aug  2 16:43:35 2023
LARGE-186	11	removed
#TIME-Wed Aug  2 16:43:35 2023
LARGE-187	11	removed
#TIME-Wed Aug  2 16:43:35 2023
LARGE-188	11	removed
#TIME-Wed Aug  2 16:43:35 2023
LARGE-189	11	removed
#TIME-Wed Aug  2 16:43:35 2023
LARGE-190	11	removed
#TIME-Wed Aug  2 16:43:35 2023
LARGE-191	11	removed
#TIME-Wed Aug  2 16:43:35 2023
LARGE-192	11	removed
#TIME-Wed Aug  2 16:43:36 2023
F_clust	total-clusters: total number of clusters	15407
F_clust	seq_under_max_len: total sequences shorter than length cutoff 15000	40224
F_clust	max_sequences: clusters with fewer than 10 sequences	15213
F_clust	min_taxa: clusters with more than 2 taxa	15053
F_clust	taxa_mean: clusters with fewer than 9 seqs per taxon	15053
F_clust	single_copy_gene: clusters of a single copy ortholog	12799
F_clust	paralogous_gene: clusters with more than one copy in any taxon	2254
F_clust	single_species: cluster has only one taxon	160
#TIME-Wed Aug  2 16:43:36 2023
# found 2 total taxa
#TIME-Wed Aug  2 16:43:36 2023
N_genes	GRCh38p14	18236
N_genes	mPanTro3	18510
#TIME-Wed Aug  2 16:43:36 2023
N_ortho	GRCh38p14	12799
N_ortho	mPanTro3	12799
#TIME-Wed Aug  2 16:43:36 2023
N_taxa	2	15053
N_taxa	1	160
#TIME-Wed Aug  2 16:43:36 2023
#TIME-Process completed in 0.1 minutes
## Great success!!:  Wed Aug  2 16:43:36 2023
