#TIME-Wed Aug  2 14:46:11 2023
/home/wrf/git/sequences/makehomologs.py -i /mnt/data/project/speciation-synteny/datasets/insects/Dmel6_vs_Cqui1.renamed.blastp.tab -f /mnt/data/project/speciation-synteny/datasets/insects/GCF_000001215.4_Release_6_plus_ISO1_MT_protein.x.n.faa /mnt/data/project/speciation-synteny/datasets/insects/GCF_015732765.1_VPISU_Cqui_1.0_pri_paternal_protein.x.n.faa -p 234 -o insects3_clusters_v1 -z 2 -s 2 -M10 -H 9 -c
#TIME-Wed Aug  2 14:46:11 2023
# Using Python version: 3.8.10
#TIME-Wed Aug  2 14:46:11 2023
# /mnt/data/project/speciation-synteny/datasets/insects/Dmel6_vs_Cqui1.renamed.blastp.tab input file detected
#TIME-Wed Aug  2 14:46:11 2023
# /mnt/data/project/speciation-synteny/datasets/insects/GCF_000001215.4_Release_6_plus_ISO1_MT_protein.x.n.faa /mnt/data/project/speciation-synteny/datasets/insects/GCF_015732765.1_VPISU_Cqui_1.0_pri_paternal_protein.x.n.faa used as fasta database
#TIME-Wed Aug  2 14:46:11 2023
# Counted 29080 total proteins for 2 species  Wed Aug  2 14:46:11 2023
#TIME-Wed Aug  2 14:46:11 2023
T_genes	Cqui1	15094
T_genes	Dmel6	13986
#TIME-Wed Aug  2 14:46:11 2023
N_bhits	Cqui1	5548
N_bhits	Dmel6	5686
#TIME-Wed Aug  2 14:46:11 2023
# Counting nodes in subgraphs
#TIME-Wed Aug  2 14:46:11 2023
# Found 11234 subgraphs, pruning small subgraphs (0 nodes)
#TIME-Wed Aug  2 14:46:11 2023
F_edge	all	49697
F_edge	non-self	49697
F_edge	passed-min-overlap	46396
F_edge	passed-max-overlap	42960
F_edge	passed-bitscore	9936
F_edge	retained-edges	9936
#TIME-Wed Aug  2 14:46:11 2023
N_nodes	nodes	11234
N_nodes	filtered-nodes	11234
#TIME-Wed Aug  2 14:46:11 2023
#CMD  mcl allvall_edges_insects3_clusters_v1.abc --abc -I 2.1 -o mcl_gene_clusters_insects3_clusters_v1.abc -te 8
#TIME-Wed Aug  2 14:46:12 2023
# fasta file contains 29080 records
#TIME-Wed Aug  2 14:46:12 2023
N_seqs	27	1
N_seqs	25	1
N_seqs	24	1
N_seqs	23	1
N_seqs	22	1
N_seqs	21	1
N_seqs	19	2
N_seqs	18	3
N_seqs	17	2
N_seqs	16	3
N_seqs	15	3
N_seqs	14	3
N_seqs	13	3
N_seqs	12	7
N_seqs	11	4
N_seqs	10	15
N_seqs	9	15
N_seqs	8	12
N_seqs	7	33
N_seqs	6	48
N_seqs	5	61
N_seqs	4	156
N_seqs	3	369
N_seqs	2	3863
N_seqs	1	2
#TIME-Wed Aug  2 14:46:12 2023
LARGE-1	27	removed
#TIME-Wed Aug  2 14:46:12 2023
LARGE-2	25	removed
#TIME-Wed Aug  2 14:46:12 2023
LARGE-3	24	removed
#TIME-Wed Aug  2 14:46:12 2023
LARGE-4	23	removed
#TIME-Wed Aug  2 14:46:12 2023
LARGE-5	22	removed
#TIME-Wed Aug  2 14:46:12 2023
LARGE-6	21	removed
#TIME-Wed Aug  2 14:46:12 2023
LARGE-7	19	removed
#TIME-Wed Aug  2 14:46:12 2023
LARGE-8	19	removed
#TIME-Wed Aug  2 14:46:12 2023
LARGE-9	18	removed
#TIME-Wed Aug  2 14:46:12 2023
LARGE-10	18	removed
#TIME-Wed Aug  2 14:46:12 2023
LARGE-11	18	removed
#TIME-Wed Aug  2 14:46:12 2023
LARGE-12	17	removed
#TIME-Wed Aug  2 14:46:12 2023
LARGE-13	17	removed
#TIME-Wed Aug  2 14:46:12 2023
LARGE-14	16	removed
#TIME-Wed Aug  2 14:46:12 2023
LARGE-15	16	removed
#TIME-Wed Aug  2 14:46:12 2023
LARGE-16	16	removed
#TIME-Wed Aug  2 14:46:12 2023
LARGE-17	15	removed
#TIME-Wed Aug  2 14:46:12 2023
LARGE-18	15	removed
#TIME-Wed Aug  2 14:46:12 2023
LARGE-19	15	removed
#TIME-Wed Aug  2 14:46:12 2023
LARGE-20	14	removed
#TIME-Wed Aug  2 14:46:12 2023
LARGE-21	14	removed
#TIME-Wed Aug  2 14:46:12 2023
LARGE-22	14	removed
#TIME-Wed Aug  2 14:46:12 2023
LARGE-23	13	removed
#TIME-Wed Aug  2 14:46:12 2023
LARGE-24	13	removed
#TIME-Wed Aug  2 14:46:12 2023
LARGE-25	13	removed
#TIME-Wed Aug  2 14:46:12 2023
LARGE-26	12	removed
#TIME-Wed Aug  2 14:46:12 2023
LARGE-27	12	removed
#TIME-Wed Aug  2 14:46:12 2023
LARGE-28	12	removed
#TIME-Wed Aug  2 14:46:12 2023
LARGE-29	12	removed
#TIME-Wed Aug  2 14:46:12 2023
LARGE-30	12	removed
#TIME-Wed Aug  2 14:46:12 2023
LARGE-31	12	removed
#TIME-Wed Aug  2 14:46:12 2023
LARGE-32	12	removed
#TIME-Wed Aug  2 14:46:12 2023
LARGE-33	11	removed
#TIME-Wed Aug  2 14:46:12 2023
LARGE-34	11	removed
#TIME-Wed Aug  2 14:46:12 2023
LARGE-35	11	removed
#TIME-Wed Aug  2 14:46:12 2023
LARGE-36	11	removed
#TIME-Wed Aug  2 14:46:12 2023
F_clust	total-clusters: total number of clusters	4610
F_clust	seq_under_max_len: total sequences shorter than length cutoff 15000	11232
F_clust	max_sequences: clusters with fewer than 10 sequences	4572
F_clust	min_taxa: clusters with more than 2 taxa	4555
F_clust	taxa_mean: clusters with fewer than 9 seqs per taxon	4555
F_clust	single_copy_gene: clusters of a single copy ortholog	3863
F_clust	paralogous_gene: clusters with more than one copy in any taxon	692
F_clust	single_species: cluster has only one taxon	17
#TIME-Wed Aug  2 14:46:12 2023
# found 2 total taxa
#TIME-Wed Aug  2 14:46:12 2023
N_genes	Cqui1	5255
N_genes	Dmel6	5407
#TIME-Wed Aug  2 14:46:12 2023
N_ortho	Cqui1	3863
N_ortho	Dmel6	3863
#TIME-Wed Aug  2 14:46:12 2023
N_taxa	2	4555
N_taxa	1	17
#TIME-Wed Aug  2 14:46:12 2023
#TIME-Process completed in 0.0 minutes
## Great success!!:  Wed Aug  2 14:46:12 2023
