#TIME-Wed Aug  2 14:29:21 2023
/home/wrf/git/sequences/makehomologs.py -i /mnt/data/project/speciation-synteny/datasets/insects/Dmel6_vs_iyVesCrab1.renamed.blastp.tab -f /mnt/data/project/speciation-synteny/datasets/insects/GCF_000001215.4_Release_6_plus_ISO1_MT_protein.x.n.faa /mnt/data/project/speciation-synteny/datasets/insects/GCF_910589235.1_iyVesCrab1.2_protein.x.n.faa -p 234 -o insects2_clusters_v1 -z 2 -s 2 -M10 -H 9 -c
#TIME-Wed Aug  2 14:29:21 2023
# Using Python version: 3.8.10
#TIME-Wed Aug  2 14:29:21 2023
# /mnt/data/project/speciation-synteny/datasets/insects/Dmel6_vs_iyVesCrab1.renamed.blastp.tab input file detected
#TIME-Wed Aug  2 14:29:21 2023
# /mnt/data/project/speciation-synteny/datasets/insects/GCF_000001215.4_Release_6_plus_ISO1_MT_protein.x.n.faa /mnt/data/project/speciation-synteny/datasets/insects/GCF_910589235.1_iyVesCrab1.2_protein.x.n.faa used as fasta database
#TIME-Wed Aug  2 14:29:21 2023
# Counted 24190 total proteins for 2 species  Wed Aug  2 14:29:21 2023
#TIME-Wed Aug  2 14:29:21 2023
T_genes	Dmel6	13986
T_genes	iyVesCrab1	10204
#TIME-Wed Aug  2 14:29:21 2023
N_bhits	Dmel6	4322
N_bhits	iyVesCrab1	3863
#TIME-Wed Aug  2 14:29:21 2023
# Counting nodes in subgraphs
#TIME-Wed Aug  2 14:29:21 2023
# Found 8185 subgraphs, pruning small subgraphs (0 nodes)
#TIME-Wed Aug  2 14:29:21 2023
F_edge	all	37399
F_edge	non-self	37399
F_edge	passed-min-overlap	34730
F_edge	passed-max-overlap	31606
F_edge	passed-bitscore	6470
F_edge	retained-edges	6470
#TIME-Wed Aug  2 14:29:21 2023
N_nodes	nodes	8185
N_nodes	filtered-nodes	8185
#TIME-Wed Aug  2 14:29:21 2023
#CMD  mcl allvall_edges_insects2_clusters_v1.abc --abc -I 2.1 -o mcl_gene_clusters_insects2_clusters_v1.abc -te 8
#TIME-Wed Aug  2 14:29:22 2023
# fasta file contains 24190 records
#TIME-Wed Aug  2 14:29:22 2023
N_seqs	30	1
N_seqs	28	1
N_seqs	23	1
N_seqs	21	1
N_seqs	19	1
N_seqs	17	1
N_seqs	16	1
N_seqs	15	2
N_seqs	14	3
N_seqs	13	3
N_seqs	11	1
N_seqs	10	7
N_seqs	9	5
N_seqs	8	9
N_seqs	7	16
N_seqs	6	32
N_seqs	5	46
N_seqs	4	113
N_seqs	3	298
N_seqs	2	2921
#TIME-Wed Aug  2 14:29:22 2023
LARGE-1	30	removed
#TIME-Wed Aug  2 14:29:22 2023
LARGE-2	28	removed
#TIME-Wed Aug  2 14:29:22 2023
LARGE-3	23	removed
#TIME-Wed Aug  2 14:29:22 2023
LARGE-4	21	removed
#TIME-Wed Aug  2 14:29:22 2023
LARGE-5	19	removed
#TIME-Wed Aug  2 14:29:22 2023
LARGE-6	17	removed
#TIME-Wed Aug  2 14:29:22 2023
LARGE-7	16	removed
#TIME-Wed Aug  2 14:29:22 2023
LARGE-8	15	removed
#TIME-Wed Aug  2 14:29:22 2023
LARGE-9	15	removed
#TIME-Wed Aug  2 14:29:22 2023
LARGE-10	14	removed
#TIME-Wed Aug  2 14:29:22 2023
LARGE-11	14	removed
#TIME-Wed Aug  2 14:29:22 2023
LARGE-12	14	removed
#TIME-Wed Aug  2 14:29:22 2023
LARGE-13	13	removed
#TIME-Wed Aug  2 14:29:22 2023
LARGE-14	13	removed
#TIME-Wed Aug  2 14:29:22 2023
LARGE-15	13	removed
#TIME-Wed Aug  2 14:29:22 2023
LARGE-16	11	removed
#TIME-Wed Aug  2 14:29:22 2023
F_clust	total-clusters: total number of clusters	3463
F_clust	seq_under_max_len: total sequences shorter than length cutoff 15000	8185
F_clust	max_sequences: clusters with fewer than 10 sequences	3447
F_clust	min_taxa: clusters with more than 2 taxa	3432
F_clust	taxa_mean: clusters with fewer than 9 seqs per taxon	3432
F_clust	single_copy_gene: clusters of a single copy ortholog	2921
F_clust	paralogous_gene: clusters with more than one copy in any taxon	511
F_clust	single_species: cluster has only one taxon	15
#TIME-Wed Aug  2 14:29:22 2023
# found 2 total taxa
#TIME-Wed Aug  2 14:29:22 2023
N_genes	Dmel6	4122
N_genes	iyVesCrab1	3787
#TIME-Wed Aug  2 14:29:22 2023
N_ortho	Dmel6	2921
N_ortho	iyVesCrab1	2921
#TIME-Wed Aug  2 14:29:22 2023
N_taxa	2	3432
N_taxa	1	15
#TIME-Wed Aug  2 14:29:22 2023
#TIME-Process completed in 0.0 minutes
## Great success!!:  Wed Aug  2 14:29:22 2023
